# JRE version: 7.0_10-b18
# Java VM: Java HotSpot(TM) 64-Bit Server VM (23.6-b04 mixed mode bsd-amd64 compressed oops)
Heap
 def new generation   total 15232K, used 14897K [0x0000000105090000, 0x0000000106110000, 0x00000001093e0000)
  eden space 13568K,  97% used [0x0000000105090000, 0x0000000105d7c400, 0x0000000105dd0000)
  from space 1664K, 100% used [0x0000000105f70000, 0x0000000106110000, 0x0000000106110000)
  to   space 1664K,   0% used [0x0000000105dd0000, 0x0000000105dd0000, 0x0000000105f70000)
 tenured generation   total 33624K, used 22369K [0x00000001093e0000, 0x000000010b4b6000, 0x0000000111a90000)
   the space 33624K,  66% used [0x00000001093e0000, 0x000000010a9b8450, 0x000000010a9b8600, 0x000000010b4b6000)
 compacting perm gen  total 29440K, used 29308K [0x0000000111a90000, 0x0000000113750000, 0x0000000116c90000)
   the space 29440K,  99% used [0x0000000111a90000, 0x000000011372f280, 0x000000011372f400, 0x0000000113750000)
GC Heap History (10 events):
Event: 4286.335 GC heap before
{Heap before GC invocations=23 (full 4):
 def new generation   total 13440K, used 11983K [0x0000000105090000, 0x0000000105f20000, 0x00000001093e0000)
  eden space 11968K, 100% used [0x0000000105090000, 0x0000000105c40000, 0x0000000105c40000)
  from space 1472K,   1% used [0x0000000105c40000, 0x0000000105c43e70, 0x0000000105db0000)
  to   space 1472K,   0% used [0x0000000105db0000, 0x0000000105db0000, 0x0000000105f20000)
 tenured generation   total 29716K, used 20545K [0x00000001093e0000, 0x000000010b0e5000, 0x0000000111a90000)
   the space 29716K,  69% used [0x00000001093e0000, 0x000000010a7f04b8, 0x000000010a7f0600, 0x000000010b0e5000)
 compacting perm gen  total 24832K, used 24581K [0x0000000111a90000, 0x00000001132d0000, 0x0000000116c90000)
   the space 24832K,  98% used [0x0000000111a90000, 0x0000000113291650, 0x0000000113291800, 0x00000001132d0000)
No shared spaces configured.
Event: 4286.340 GC heap after
Heap after GC invocations=24 (full 4):
 def new generation   total 13440K, used 830K [0x0000000105090000, 0x0000000105f20000, 0x00000001093e0000)
  eden space 11968K,   0% used [0x0000000105090000, 0x0000000105090000, 0x0000000105c40000)
  from space 1472K,  56% used [0x0000000105db0000, 0x0000000105e7f868, 0x0000000105f20000)
  to   space 1472K,   0% used [0x0000000105c40000, 0x0000000105c40000, 0x0000000105db0000)
 tenured generation   total 29716K, used 22012K [0x00000001093e0000, 0x000000010b0e5000, 0x0000000111a90000)
   the space 29716K,  74% used [0x00000001093e0000, 0x000000010a95f3c8, 0x000000010a95f400, 0x000000010b0e5000)
 compacting perm gen  total 24832K, used 24581K [0x0000000111a90000, 0x00000001132d0000, 0x0000000116c90000)
   the space 24832K,  98% used [0x0000000111a90000, 0x0000000113291650, 0x0000000113291800, 0x00000001132d0000)
No shared spaces configured.
}
Event: 4368.252 GC heap before
{Heap before GC invocations=24 (full 4):
 def new generation   total 13440K, used 12798K [0x0000000105090000, 0x0000000105f20000, 0x00000001093e0000)
  eden space 11968K, 100% used [0x0000000105090000, 0x0000000105c40000, 0x0000000105c40000)
  from space 1472K,  56% used [0x0000000105db0000, 0x0000000105e7f868, 0x0000000105f20000)
  to   space 1472K,   0% used [0x0000000105c40000, 0x0000000105c40000, 0x0000000105db0000)
 tenured generation   total 29716K, used 22012K [0x00000001093e0000, 0x000000010b0e5000, 0x0000000111a90000)
   the space 29716K,  74% used [0x00000001093e0000, 0x000000010a95f3c8, 0x000000010a95f400, 0x000000010b0e5000)
 compacting perm gen  total 25472K, used 25176K [0x0000000111a90000, 0x0000000113370000, 0x0000000116c90000)
   the space 25472K,  98% used [0x0000000111a90000, 0x00000001133263e8, 0x0000000113326400, 0x0000000113370000)
No shared spaces configured.
Event: 4368.263 GC heap after
Heap after GC invocations=25 (full 4):
 def new generation   total 13440K, used 1471K [0x0000000105090000, 0x0000000105f20000, 0x00000001093e0000)
  eden space 11968K,   0% used [0x0000000105090000, 0x0000000105090000, 0x0000000105c40000)
  from space 1472K,  99% used [0x0000000105c40000, 0x0000000105dafff8, 0x0000000105db0000)
  to   space 1472K,   0% used [0x0000000105db0000, 0x0000000105db0000, 0x0000000105f20000)
 tenured generation   total 29716K, used 24001K [0x00000001093e0000, 0x000000010b0e5000, 0x0000000111a90000)
   the space 29716K,  80% used [0x00000001093e0000, 0x000000010ab507a8, 0x000000010ab50800, 0x000000010b0e5000)
 compacting perm gen  total 25472K, used 25176K [0x0000000111a90000, 0x0000000113370000, 0x0000000116c90000)
   the space 25472K,  98% used [0x0000000111a90000, 0x00000001133263e8, 0x0000000113326400, 0x0000000113370000)
No shared spaces configured.
}
Event: 4384.743 GC heap before
{Heap before GC invocations=25 (full 4):
 def new generation   total 13440K, used 13439K [0x0000000105090000, 0x0000000105f20000, 0x00000001093e0000)
  eden space 11968K, 100% used [0x0000000105090000, 0x0000000105c40000, 0x0000000105c40000)
  from space 1472K,  99% used [0x0000000105c40000, 0x0000000105dafff8, 0x0000000105db0000)
  to   space 1472K,   0% used [0x0000000105db0000, 0x0000000105db0000, 0x0000000105f20000)
 tenured generation   total 29716K, used 24001K [0x00000001093e0000, 0x000000010b0e5000, 0x0000000111a90000)
   the space 29716K,  80% used [0x00000001093e0000, 0x000000010ab507a8, 0x000000010ab50800, 0x000000010b0e5000)
 compacting perm gen  total 25472K, used 25227K [0x0000000111a90000, 0x0000000113370000, 0x0000000116c90000)
   the space 25472K,  99% used [0x0000000111a90000, 0x0000000113332c08, 0x0000000113332e00, 0x0000000113370000)
No shared spaces configured.
Event: 4384.751 GC heap after
Heap after GC invocations=26 (full 4):
 def new generation   total 13440K, used 1310K [0x0000000105090000, 0x0000000105f20000, 0x00000001093e0000)
  eden space 11968K,   0% used [0x0000000105090000, 0x0000000105090000, 0x0000000105c40000)
  from space 1472K,  88% used [0x0000000105db0000, 0x0000000105ef7830, 0x0000000105f20000)
  to   space 1472K,   0% used [0x0000000105c40000, 0x0000000105c40000, 0x0000000105db0000)
 tenured generation   total 29716K, used 27410K [0x00000001093e0000, 0x000000010b0e5000, 0x0000000111a90000)
   the space 29716K,  92% used [0x00000001093e0000, 0x000000010aea49d8, 0x000000010aea4a00, 0x000000010b0e5000)
 compacting perm gen  total 25472K, used 25227K [0x0000000111a90000, 0x0000000113370000, 0x0000000116c90000)
   the space 25472K,  99% used [0x0000000111a90000, 0x0000000113332c08, 0x0000000113332e00, 0x0000000113370000)
No shared spaces configured.
}
Event: 4384.787 GC heap before
{Heap before GC invocations=26 (full 4):
 def new generation   total 13440K, used 11897K [0x0000000105090000, 0x0000000105f20000, 0x00000001093e0000)
  eden space 11968K,  88% used [0x0000000105090000, 0x0000000105ae6de8, 0x0000000105c40000)
  from space 1472K,  88% used [0x0000000105db0000, 0x0000000105ef7830, 0x0000000105f20000)
  to   space 1472K,   0% used [0x0000000105c40000, 0x0000000105c40000, 0x0000000105db0000)
 tenured generation   total 29716K, used 27410K [0x00000001093e0000, 0x000000010b0e5000, 0x0000000111a90000)
   the space 29716K,  92% used [0x00000001093e0000, 0x000000010aea49d8, 0x000000010aea4a00, 0x000000010b0e5000)
 compacting perm gen  total 25472K, used 25227K [0x0000000111a90000, 0x0000000113370000, 0x0000000116c90000)
   the space 25472K,  99% used [0x0000000111a90000, 0x0000000113332c08, 0x0000000113332e00, 0x0000000113370000)
No shared spaces configured.
Event: 4384.866 GC heap after
Heap after GC invocations=27 (full 5):
 def new generation   total 15232K, used 0K [0x0000000105090000, 0x0000000106110000, 0x00000001093e0000)
  eden space 13568K,   0% used [0x0000000105090000, 0x0000000105090000, 0x0000000105dd0000)
  from space 1664K,   0% used [0x0000000105dd0000, 0x0000000105dd0000, 0x0000000105f70000)
  to   space 1664K,   0% used [0x0000000105f70000, 0x0000000105f70000, 0x0000000106110000)
 tenured generation   total 33624K, used 20172K [0x00000001093e0000, 0x000000010b4b6000, 0x0000000111a90000)
   the space 33624K,  59% used [0x00000001093e0000, 0x000000010a7931c8, 0x000000010a793200, 0x000000010b4b6000)
 compacting perm gen  total 25280K, used 25227K [0x0000000111a90000, 0x0000000113340000, 0x0000000116c90000)
   the space 25280K,  99% used [0x0000000111a90000, 0x0000000113332c08, 0x0000000113332e00, 0x0000000113340000)
No shared spaces configured.
}
Event: 4385.163 GC heap before
{Heap before GC invocations=27 (full 5):
 def new generation   total 15232K, used 13568K [0x0000000105090000, 0x0000000106110000, 0x00000001093e0000)
  eden space 13568K, 100% used [0x0000000105090000, 0x0000000105dd0000, 0x0000000105dd0000)
  from space 1664K,   0% used [0x0000000105dd0000, 0x0000000105dd0000, 0x0000000105f70000)
  to   space 1664K,   0% used [0x0000000105f70000, 0x0000000105f70000, 0x0000000106110000)
 tenured generation   total 33624K, used 20172K [0x00000001093e0000, 0x000000010b4b6000, 0x0000000111a90000)
   the space 33624K,  59% used [0x00000001093e0000, 0x000000010a7931c8, 0x000000010a793200, 0x000000010b4b6000)
 compacting perm gen  total 28480K, used 28343K [0x0000000111a90000, 0x0000000113660000, 0x0000000116c90000)
   the space 28480K,  99% used [0x0000000111a90000, 0x000000011363dd70, 0x000000011363de00, 0x0000000113660000)
No shared spaces configured.
Event: 4385.169 GC heap after
Heap after GC invocations=28 (full 5):
 def new generation   total 15232K, used 1664K [0x0000000105090000, 0x0000000106110000, 0x00000001093e0000)
  eden space 13568K,   0% used [0x0000000105090000, 0x0000000105090000, 0x0000000105dd0000)
  from space 1664K, 100% used [0x0000000105f70000, 0x0000000106110000, 0x0000000106110000)
  to   space 1664K,   0% used [0x0000000105dd0000, 0x0000000105dd0000, 0x0000000105f70000)
 tenured generation   total 33624K, used 22369K [0x00000001093e0000, 0x000000010b4b6000, 0x0000000111a90000)
   the space 33624K,  66% used [0x00000001093e0000, 0x000000010a9b8450, 0x000000010a9b8600, 0x000000010b4b6000)
 compacting perm gen  total 28480K, used 28343K [0x0000000111a90000, 0x0000000113660000, 0x0000000116c90000)
   the space 28480K,  99% used [0x0000000111a90000, 0x000000011363dd70, 0x000000011363de00, 0x0000000113660000)
No shared spaces configured.
}

